<?xml version="1.0" encoding="UTF-8"?>
<!-- Generated by org.testng.reporters.JUnitXMLReporter -->
<testsuite hostname="DESKTOP-8B1LFDU" ignored="0" name="Default test" tests="6" failures="0" timestamp="18 Feb 2018 18:45:15 GMT" time="1.373" errors="0">
  <testcase name="deleteCustomerByIdTest" time="0.064" classname="com.customerradar.test.CustomerServiceAppApplicationTests"/>
  <testcase name="deleteCustomerByNameTest" time="0.023" classname="com.customerradar.test.CustomerServiceAppApplicationTests"/>
  <testcase name="getAllCustomers" time="0.146" classname="com.customerradar.test.CustomerServiceAppApplicationTests"/>
  <testcase name="getCustomerByNameTest" time="0.062" classname="com.customerradar.test.CustomerServiceAppApplicationTests"/>
  <testcase name="getCustomerByTelephoneTest" time="0.038" classname="com.customerradar.test.CustomerServiceAppApplicationTests"/>
  <testcase name="updateCustomer" time="0.068" classname="com.customerradar.test.CustomerServiceAppApplicationTests"/>
</testsuite> <!-- Default test -->
